<?xml version="1.0" encoding="UTF-8"?>
<testng-results ignored="0" total="1" passed="1" failed="0" skipped="0">
  <reporter-output>
  </reporter-output>
  <suite started-at="2022-10-14T12:51:52 EET" name="Default suite" finished-at="2022-10-14T12:52:57 EET" duration-ms="64368">
    <groups>
    </groups>
    <test started-at="2022-10-14T12:51:52 EET" name="Default test" finished-at="2022-10-14T12:52:57 EET" duration-ms="64368">
      <class name="Senario1_Test.AddToCart">
        <test-method is-config="true" signature="openBrowser()[pri:0, instance:Senario1_Test.AddToCart@1cbbffcd]" started-at="2022-10-14T12:51:52 EET" name="openBrowser" finished-at="2022-10-14T12:52:13 EET" duration-ms="20964" status="PASS">
          <reporter-output>
          </reporter-output>
        </test-method> <!-- openBrowser -->
        <test-method signature="Choose_Item()[pri:0, instance:Senario1_Test.AddToCart@1cbbffcd]" started-at="2022-10-14T12:52:13 EET" name="Choose_Item" finished-at="2022-10-14T12:52:56 EET" duration-ms="43120" status="PASS">
          <reporter-output>
          </reporter-output>
        </test-method> <!-- Choose_Item -->
        <test-method is-config="true" signature="closeDriver()[pri:0, instance:Senario1_Test.AddToCart@1cbbffcd]" started-at="2022-10-14T12:52:57 EET" name="closeDriver" finished-at="2022-10-14T12:52:57 EET" duration-ms="0" status="PASS">
          <reporter-output>
          </reporter-output>
        </test-method> <!-- closeDriver -->
      </class> <!-- Senario1_Test.AddToCart -->
    </test> <!-- Default test -->
  </suite> <!-- Default suite -->
</testng-results>
